c:\users\geunh\onedrive\바탕 화면\capsrepos-caps\encryptorcaps\encryptorcaps\x64\debug\vc143.pdb
c:\users\geunh\onedrive\바탕 화면\capsrepos-caps\encryptorcaps\encryptorcaps\x64\debug\vc143.idb
c:\users\geunh\onedrive\바탕 화면\capsrepos-caps\encryptorcaps\encryptorcaps\x64\debug\xor_decoder.obj
c:\users\geunh\onedrive\바탕 화면\capsrepos-caps\encryptorcaps\encryptorcaps\x64\debug\walker.obj
c:\users\geunh\onedrive\바탕 화면\capsrepos-caps\encryptorcaps\encryptorcaps\x64\debug\ransomenote.obj
c:\users\geunh\onedrive\바탕 화면\capsrepos-caps\encryptorcaps\encryptorcaps\x64\debug\main_encryptor.obj
c:\users\geunh\onedrive\바탕 화면\capsrepos-caps\encryptorcaps\encryptorcaps\x64\debug\encryptor.obj
c:\users\geunh\onedrive\바탕 화면\capsrepos-caps\encryptorcaps\x64\debug\encryptorcaps.exe
c:\users\geunh\onedrive\바탕 화면\capsrepos-caps\encryptorcaps\x64\debug\encryptorcaps.pdb
c:\users\geunh\onedrive\바탕 화면\capsrepos-caps\encryptorcaps\encryptorcaps\x64\debug\encryptor.res
c:\users\geunh\onedrive\바탕 화면\capsrepos-caps\encryptorcaps\encryptorcaps\x64\debug\encryptorcaps.ilk
c:\users\geunh\onedrive\바탕 화면\capsrepos-caps\encryptorcaps\encryptorcaps\x64\debug\encryptorcaps.tlog\cl.command.1.tlog
c:\users\geunh\onedrive\바탕 화면\capsrepos-caps\encryptorcaps\encryptorcaps\x64\debug\encryptorcaps.tlog\cl.items.tlog
c:\users\geunh\onedrive\바탕 화면\capsrepos-caps\encryptorcaps\encryptorcaps\x64\debug\encryptorcaps.tlog\cl.read.1.tlog
c:\users\geunh\onedrive\바탕 화면\capsrepos-caps\encryptorcaps\encryptorcaps\x64\debug\encryptorcaps.tlog\cl.write.1.tlog
c:\users\geunh\onedrive\바탕 화면\capsrepos-caps\encryptorcaps\encryptorcaps\x64\debug\encryptorcaps.tlog\link.command.1.tlog
c:\users\geunh\onedrive\바탕 화면\capsrepos-caps\encryptorcaps\encryptorcaps\x64\debug\encryptorcaps.tlog\link.read.1.tlog
c:\users\geunh\onedrive\바탕 화면\capsrepos-caps\encryptorcaps\encryptorcaps\x64\debug\encryptorcaps.tlog\link.secondary.1.tlog
c:\users\geunh\onedrive\바탕 화면\capsrepos-caps\encryptorcaps\encryptorcaps\x64\debug\encryptorcaps.tlog\link.write.1.tlog
c:\users\geunh\onedrive\바탕 화면\capsrepos-caps\encryptorcaps\encryptorcaps\x64\debug\encryptorcaps.tlog\rc.command.1.tlog
c:\users\geunh\onedrive\바탕 화면\capsrepos-caps\encryptorcaps\encryptorcaps\x64\debug\encryptorcaps.tlog\rc.read.1.tlog
c:\users\geunh\onedrive\바탕 화면\capsrepos-caps\encryptorcaps\encryptorcaps\x64\debug\encryptorcaps.tlog\rc.write.1.tlog
